[06-Jul-2022 20:35:57 Europe/Berlin] PHP Notice:  Undefined variable: controller in /var/www/site/src/http/router.php on line 17
[06-Jul-2022 20:35:57 Europe/Berlin] PHP Fatal error:  Uncaught Error: Class name must be a valid object or a string in /var/www/site/src/http/router.php:17
Stack trace:
#0 /var/www/dev/html/index.php(5): http\router::map()
#1 {main}
  thrown in /var/www/site/src/http/router.php on line 17
[06-Jul-2022 20:35:57 Europe/Berlin] PHP Fatal error:  Uncaught PDOException: You cannot serialize or unserialize PDO instances in [no active file]:0
Stack trace:
#0 [internal function]: PDO->__sleep()
#1 {main}
  thrown in [no active file] on line 0
[06-Jul-2022 20:37:38 Europe/Berlin] PHP Notice:  Undefined variable: controller in /var/www/site/src/http/router.php on line 17
[06-Jul-2022 20:37:38 Europe/Berlin] PHP Fatal error:  Uncaught Error: Class name must be a valid object or a string in /var/www/site/src/http/router.php:17
Stack trace:
#0 /var/www/dev/html/index.php(5): http\router::map()
#1 {main}
  thrown in /var/www/site/src/http/router.php on line 17
[06-Jul-2022 20:37:38 Europe/Berlin] PHP Fatal error:  Uncaught PDOException: You cannot serialize or unserialize PDO instances in [no active file]:0
Stack trace:
#0 [internal function]: PDO->__sleep()
#1 {main}
  thrown in [no active file] on line 0
[06-Jul-2022 20:37:42 Europe/Berlin] PHP Fatal error:  Uncaught PDOException: You cannot serialize or unserialize PDO instances in [no active file]:0
Stack trace:
#0 [internal function]: PDO->__sleep()
#1 {main}
  thrown in [no active file] on line 0
[06-Jul-2022 20:37:48 Europe/Berlin] PHP Fatal error:  Uncaught PDOException: You cannot serialize or unserialize PDO instances in [no active file]:0
Stack trace:
#0 [internal function]: PDO->__sleep()
#1 {main}
  thrown in [no active file] on line 0
[06-Jul-2022 20:37:50 Europe/Berlin] PHP Fatal error:  Uncaught PDOException: You cannot serialize or unserialize PDO instances in [no active file]:0
Stack trace:
#0 [internal function]: PDO->__sleep()
#1 {main}
  thrown in [no active file] on line 0
[06-Jul-2022 20:38:29 Europe/Berlin] PHP Fatal error:  Uncaught PDOException: You cannot serialize or unserialize PDO instances in [no active file]:0
Stack trace:
#0 [internal function]: PDO->__sleep()
#1 {main}
  thrown in [no active file] on line 0
[06-Jul-2022 20:38:32 Europe/Berlin] PHP Fatal error:  Uncaught PDOException: You cannot serialize or unserialize PDO instances in [no active file]:0
Stack trace:
#0 [internal function]: PDO->__sleep()
#1 {main}
  thrown in [no active file] on line 0
[06-Jul-2022 20:39:40 Europe/Berlin] PHP Fatal error:  Uncaught PDOException: You cannot serialize or unserialize PDO instances in [no active file]:0
Stack trace:
#0 [internal function]: PDO->__sleep()
#1 {main}
  thrown in [no active file] on line 0
[06-Jul-2022 20:44:17 Europe/Berlin] PHP Fatal error:  Uncaught PDOException: You cannot serialize or unserialize PDO instances in [no active file]:0
Stack trace:
#0 [internal function]: PDO->__sleep()
#1 {main}
  thrown in [no active file] on line 0
[06-Jul-2022 20:45:05 Europe/Berlin] PHP Notice:  Undefined variable: controller in /var/www/site/src/http/router.php on line 17
[06-Jul-2022 20:45:05 Europe/Berlin] PHP Fatal error:  Uncaught Error: Class name must be a valid object or a string in /var/www/site/src/http/router.php:17
Stack trace:
#0 /var/www/dev/html/index.php(5): http\router::map()
#1 {main}
  thrown in /var/www/site/src/http/router.php on line 17
[06-Jul-2022 20:45:05 Europe/Berlin] PHP Fatal error:  Uncaught PDOException: You cannot serialize or unserialize PDO instances in [no active file]:0
Stack trace:
#0 [internal function]: PDO->__sleep()
#1 {main}
  thrown in [no active file] on line 0
[06-Jul-2022 20:50:57 Europe/Berlin] PHP Notice:  Undefined variable: controller in /var/www/site/src/http/router.php on line 17
[06-Jul-2022 20:50:57 Europe/Berlin] PHP Fatal error:  Uncaught Error: Class name must be a valid object or a string in /var/www/site/src/http/router.php:17
Stack trace:
#0 /var/www/dev/html/index.php(5): http\router::map()
#1 {main}
  thrown in /var/www/site/src/http/router.php on line 17
[06-Jul-2022 20:50:57 Europe/Berlin] PHP Fatal error:  Uncaught PDOException: You cannot serialize or unserialize PDO instances in [no active file]:0
Stack trace:
#0 [internal function]: PDO->__sleep()
#1 {main}
  thrown in [no active file] on line 0
[06-Jul-2022 20:51:01 Europe/Berlin] PHP Fatal error:  Uncaught PDOException: You cannot serialize or unserialize PDO instances in [no active file]:0
Stack trace:
#0 [internal function]: PDO->__sleep()
#1 {main}
  thrown in [no active file] on line 0
[06-Jul-2022 20:52:04 Europe/Berlin] PHP Fatal error:  Uncaught PDOException: You cannot serialize or unserialize PDO instances in [no active file]:0
Stack trace:
#0 [internal function]: PDO->__sleep()
#1 {main}
  thrown in [no active file] on line 0
[06-Jul-2022 20:52:22 Europe/Berlin] PHP Fatal error:  Uncaught PDOException: You cannot serialize or unserialize PDO instances in [no active file]:0
Stack trace:
#0 [internal function]: PDO->__sleep()
#1 {main}
  thrown in [no active file] on line 0
[06-Jul-2022 20:54:25 Europe/Berlin] PHP Fatal error:  Uncaught PDOException: You cannot serialize or unserialize PDO instances in [no active file]:0
Stack trace:
#0 [internal function]: PDO->__sleep()
#1 {main}
  thrown in [no active file] on line 0
[06-Jul-2022 20:54:39 Europe/Berlin] PHP Fatal error:  Uncaught PDOException: You cannot serialize or unserialize PDO instances in [no active file]:0
Stack trace:
#0 [internal function]: PDO->__sleep()
#1 {main}
  thrown in [no active file] on line 0
[06-Jul-2022 20:57:24 Europe/Berlin] PHP Fatal error:  Uncaught PDOException: You cannot serialize or unserialize PDO instances in [no active file]:0
Stack trace:
#0 [internal function]: PDO->__sleep()
#1 {main}
  thrown in [no active file] on line 0
[06-Jul-2022 20:57:48 Europe/Berlin] PHP Fatal error:  Uncaught PDOException: You cannot serialize or unserialize PDO instances in [no active file]:0
Stack trace:
#0 [internal function]: PDO->__sleep()
#1 {main}
  thrown in [no active file] on line 0
[06-Jul-2022 20:57:52 Europe/Berlin] PHP Fatal error:  Uncaught PDOException: You cannot serialize or unserialize PDO instances in [no active file]:0
Stack trace:
#0 [internal function]: PDO->__sleep()
#1 {main}
  thrown in [no active file] on line 0
[06-Jul-2022 21:08:37 Europe/Berlin] PHP Fatal error:  Uncaught PDOException: You cannot serialize or unserialize PDO instances in [no active file]:0
Stack trace:
#0 [internal function]: PDO->__sleep()
#1 {main}
  thrown in [no active file] on line 0
[06-Jul-2022 21:08:46 Europe/Berlin] PHP Fatal error:  Uncaught PDOException: You cannot serialize or unserialize PDO instances in [no active file]:0
Stack trace:
#0 [internal function]: PDO->__sleep()
#1 {main}
  thrown in [no active file] on line 0
[06-Jul-2022 21:08:58 Europe/Berlin] PHP Fatal error:  Uncaught PDOException: You cannot serialize or unserialize PDO instances in [no active file]:0
Stack trace:
#0 [internal function]: PDO->__sleep()
#1 {main}
  thrown in [no active file] on line 0
[06-Jul-2022 21:09:24 Europe/Berlin] PHP Fatal error:  Uncaught PDOException: You cannot serialize or unserialize PDO instances in [no active file]:0
Stack trace:
#0 [internal function]: PDO->__sleep()
#1 {main}
  thrown in [no active file] on line 0
[06-Jul-2022 22:56:33 Europe/Berlin] PHP Fatal error:  Uncaught PDOException: You cannot serialize or unserialize PDO instances in [no active file]:0
Stack trace:
#0 [internal function]: PDO->__sleep()
#1 {main}
  thrown in [no active file] on line 0
[06-Jul-2022 22:58:14 Europe/Berlin] PHP Fatal error:  Uncaught PDOException: You cannot serialize or unserialize PDO instances in [no active file]:0
Stack trace:
#0 [internal function]: PDO->__sleep()
#1 {main}
  thrown in [no active file] on line 0
[06-Jul-2022 22:59:27 Europe/Berlin] PHP Fatal error:  Uncaught PDOException: You cannot serialize or unserialize PDO instances in [no active file]:0
Stack trace:
#0 [internal function]: PDO->__sleep()
#1 {main}
  thrown in [no active file] on line 0
[06-Jul-2022 22:59:32 Europe/Berlin] PHP Fatal error:  Uncaught PDOException: You cannot serialize or unserialize PDO instances in [no active file]:0
Stack trace:
#0 [internal function]: PDO->__sleep()
#1 {main}
  thrown in [no active file] on line 0
[06-Jul-2022 22:59:49 Europe/Berlin] PHP Fatal error:  Uncaught PDOException: You cannot serialize or unserialize PDO instances in [no active file]:0
Stack trace:
#0 [internal function]: PDO->__sleep()
#1 {main}
  thrown in [no active file] on line 0
[06-Jul-2022 22:59:50 Europe/Berlin] PHP Fatal error:  Uncaught PDOException: You cannot serialize or unserialize PDO instances in [no active file]:0
Stack trace:
#0 [internal function]: PDO->__sleep()
#1 {main}
  thrown in [no active file] on line 0
[06-Jul-2022 23:00:27 Europe/Berlin] PHP Fatal error:  Uncaught PDOException: You cannot serialize or unserialize PDO instances in [no active file]:0
Stack trace:
#0 [internal function]: PDO->__sleep()
#1 {main}
  thrown in [no active file] on line 0
[06-Jul-2022 23:00:28 Europe/Berlin] PHP Fatal error:  Uncaught PDOException: You cannot serialize or unserialize PDO instances in [no active file]:0
Stack trace:
#0 [internal function]: PDO->__sleep()
#1 {main}
  thrown in [no active file] on line 0
[06-Jul-2022 23:01:11 Europe/Berlin] PHP Fatal error:  Uncaught PDOException: You cannot serialize or unserialize PDO instances in [no active file]:0
Stack trace:
#0 [internal function]: PDO->__sleep()
#1 {main}
  thrown in [no active file] on line 0
[06-Jul-2022 23:01:31 Europe/Berlin] PHP Fatal error:  Uncaught PDOException: You cannot serialize or unserialize PDO instances in [no active file]:0
Stack trace:
#0 [internal function]: PDO->__sleep()
#1 {main}
  thrown in [no active file] on line 0
[06-Jul-2022 23:03:31 Europe/Berlin] PHP Fatal error:  Uncaught PDOException: You cannot serialize or unserialize PDO instances in [no active file]:0
Stack trace:
#0 [internal function]: PDO->__sleep()
#1 {main}
  thrown in [no active file] on line 0
[06-Jul-2022 23:03:38 Europe/Berlin] PHP Fatal error:  Uncaught PDOException: You cannot serialize or unserialize PDO instances in [no active file]:0
Stack trace:
#0 [internal function]: PDO->__sleep()
#1 {main}
  thrown in [no active file] on line 0
[06-Jul-2022 23:03:50 Europe/Berlin] PHP Fatal error:  Uncaught PDOException: You cannot serialize or unserialize PDO instances in [no active file]:0
Stack trace:
#0 [internal function]: PDO->__sleep()
#1 {main}
  thrown in [no active file] on line 0
[06-Jul-2022 23:03:51 Europe/Berlin] PHP Fatal error:  Uncaught PDOException: You cannot serialize or unserialize PDO instances in [no active file]:0
Stack trace:
#0 [internal function]: PDO->__sleep()
#1 {main}
  thrown in [no active file] on line 0
[06-Jul-2022 23:03:51 Europe/Berlin] PHP Fatal error:  Uncaught PDOException: You cannot serialize or unserialize PDO instances in [no active file]:0
Stack trace:
#0 [internal function]: PDO->__sleep()
#1 {main}
  thrown in [no active file] on line 0
[06-Jul-2022 23:03:52 Europe/Berlin] PHP Fatal error:  Uncaught PDOException: You cannot serialize or unserialize PDO instances in [no active file]:0
Stack trace:
#0 [internal function]: PDO->__sleep()
#1 {main}
  thrown in [no active file] on line 0
[06-Jul-2022 23:03:52 Europe/Berlin] PHP Fatal error:  Uncaught PDOException: You cannot serialize or unserialize PDO instances in [no active file]:0
Stack trace:
#0 [internal function]: PDO->__sleep()
#1 {main}
  thrown in [no active file] on line 0
[06-Jul-2022 23:03:52 Europe/Berlin] PHP Fatal error:  Uncaught PDOException: You cannot serialize or unserialize PDO instances in [no active file]:0
Stack trace:
#0 [internal function]: PDO->__sleep()
#1 {main}
  thrown in [no active file] on line 0
[06-Jul-2022 23:03:53 Europe/Berlin] PHP Fatal error:  Uncaught PDOException: You cannot serialize or unserialize PDO instances in [no active file]:0
Stack trace:
#0 [internal function]: PDO->__sleep()
#1 {main}
  thrown in [no active file] on line 0
[06-Jul-2022 23:03:53 Europe/Berlin] PHP Fatal error:  Uncaught PDOException: You cannot serialize or unserialize PDO instances in [no active file]:0
Stack trace:
#0 [internal function]: PDO->__sleep()
#1 {main}
  thrown in [no active file] on line 0
[06-Jul-2022 23:04:57 Europe/Berlin] PHP Fatal error:  Uncaught Error: Class 'http\request' not found in /var/www/dev/src/init.php:11
Stack trace:
#0 /var/www/dev/html/index.php(3): require_once()
#1 {main}
  thrown in /var/www/dev/src/init.php on line 11
[06-Jul-2022 23:16:10 Europe/Berlin] PHP Fatal error:  Uncaught PDOException: You cannot serialize or unserialize PDO instances in [no active file]:0
Stack trace:
#0 [internal function]: PDO->__sleep()
#1 {main}
  thrown in [no active file] on line 0
[06-Jul-2022 23:36:55 Europe/Berlin] PHP Fatal error:  Uncaught PDOException: You cannot serialize or unserialize PDO instances in [no active file]:0
Stack trace:
#0 [internal function]: PDO->__sleep()
#1 {main}
  thrown in [no active file] on line 0
[06-Jul-2022 23:36:56 Europe/Berlin] PHP Fatal error:  Uncaught PDOException: You cannot serialize or unserialize PDO instances in [no active file]:0
Stack trace:
#0 [internal function]: PDO->__sleep()
#1 {main}
  thrown in [no active file] on line 0
[06-Jul-2022 23:36:56 Europe/Berlin] PHP Fatal error:  Uncaught PDOException: You cannot serialize or unserialize PDO instances in [no active file]:0
Stack trace:
#0 [internal function]: PDO->__sleep()
#1 {main}
  thrown in [no active file] on line 0
[06-Jul-2022 23:36:56 Europe/Berlin] PHP Fatal error:  Uncaught PDOException: You cannot serialize or unserialize PDO instances in [no active file]:0
Stack trace:
#0 [internal function]: PDO->__sleep()
#1 {main}
  thrown in [no active file] on line 0
[06-Jul-2022 23:36:57 Europe/Berlin] PHP Fatal error:  Uncaught PDOException: You cannot serialize or unserialize PDO instances in [no active file]:0
Stack trace:
#0 [internal function]: PDO->__sleep()
#1 {main}
  thrown in [no active file] on line 0
[06-Jul-2022 23:36:57 Europe/Berlin] PHP Fatal error:  Uncaught PDOException: You cannot serialize or unserialize PDO instances in [no active file]:0
Stack trace:
#0 [internal function]: PDO->__sleep()
#1 {main}
  thrown in [no active file] on line 0
[06-Jul-2022 23:37:42 Europe/Berlin] PHP Fatal error:  Uncaught Exception: Tossing in /var/www/dev/html/index.php:3
Stack trace:
#0 {main}
  thrown in /var/www/dev/html/index.php on line 3
[06-Jul-2022 23:37:58 Europe/Berlin] PHP Fatal error:  Uncaught Exception: Tossing in /var/www/dev/html/index.php:5
Stack trace:
#0 {main}
  thrown in /var/www/dev/html/index.php on line 5
[06-Jul-2022 23:37:58 Europe/Berlin] PHP Fatal error:  Uncaught PDOException: You cannot serialize or unserialize PDO instances in [no active file]:0
Stack trace:
#0 [internal function]: PDO->__sleep()
#1 {main}
  thrown in [no active file] on line 0
[06-Jul-2022 23:38:02 Europe/Berlin] PHP Fatal error:  Uncaught Exception: Tossing in /var/www/dev/html/index.php:5
Stack trace:
#0 {main}
  thrown in /var/www/dev/html/index.php on line 5
[06-Jul-2022 23:38:02 Europe/Berlin] PHP Fatal error:  Uncaught PDOException: You cannot serialize or unserialize PDO instances in [no active file]:0
Stack trace:
#0 [internal function]: PDO->__sleep()
#1 {main}
  thrown in [no active file] on line 0
[06-Jul-2022 23:38:16 Europe/Berlin] PHP Fatal error:  Uncaught PDOException: You cannot serialize or unserialize PDO instances in [no active file]:0
Stack trace:
#0 [internal function]: PDO->__sleep()
#1 {main}
  thrown in [no active file] on line 0
[06-Jul-2022 23:40:08 Europe/Berlin] PHP Fatal error:  Uncaught PDOException: You cannot serialize or unserialize PDO instances in [no active file]:0
Stack trace:
#0 [internal function]: PDO->__sleep()
#1 {main}
  thrown in [no active file] on line 0
[06-Jul-2022 23:41:14 Europe/Berlin] PHP Fatal error:  Uncaught PDOException: You cannot serialize or unserialize PDO instances in [no active file]:0
Stack trace:
#0 [internal function]: PDO->__sleep()
#1 {main}
  thrown in [no active file] on line 0
[06-Jul-2022 23:48:00 Europe/Berlin] PHP Fatal error:  Uncaught PDOException: You cannot serialize or unserialize PDO instances in [no active file]:0
Stack trace:
#0 [internal function]: PDO->__sleep()
#1 {main}
  thrown in [no active file] on line 0
[06-Jul-2022 23:48:06 Europe/Berlin] PHP Fatal error:  Uncaught PDOException: You cannot serialize or unserialize PDO instances in [no active file]:0
Stack trace:
#0 [internal function]: PDO->__sleep()
#1 {main}
  thrown in [no active file] on line 0
[07-Jul-2022 00:07:32 Europe/Berlin] PHP Fatal error:  Uncaught PDOException: You cannot serialize or unserialize PDO instances in [no active file]:0
Stack trace:
#0 [internal function]: PDO->__sleep()
#1 {main}
  thrown in [no active file] on line 0
[07-Jul-2022 00:08:05 Europe/Berlin] PHP Fatal error:  Uncaught PDOException: You cannot serialize or unserialize PDO instances in [no active file]:0
Stack trace:
#0 [internal function]: PDO->__sleep()
#1 {main}
  thrown in [no active file] on line 0
[07-Jul-2022 00:08:06 Europe/Berlin] PHP Fatal error:  Uncaught PDOException: You cannot serialize or unserialize PDO instances in [no active file]:0
Stack trace:
#0 [internal function]: PDO->__sleep()
#1 {main}
  thrown in [no active file] on line 0
[07-Jul-2022 00:08:07 Europe/Berlin] PHP Fatal error:  Uncaught PDOException: You cannot serialize or unserialize PDO instances in [no active file]:0
Stack trace:
#0 [internal function]: PDO->__sleep()
#1 {main}
  thrown in [no active file] on line 0
[07-Jul-2022 00:08:07 Europe/Berlin] PHP Fatal error:  Uncaught PDOException: You cannot serialize or unserialize PDO instances in [no active file]:0
Stack trace:
#0 [internal function]: PDO->__sleep()
#1 {main}
  thrown in [no active file] on line 0
[07-Jul-2022 00:08:07 Europe/Berlin] PHP Fatal error:  Uncaught PDOException: You cannot serialize or unserialize PDO instances in [no active file]:0
Stack trace:
#0 [internal function]: PDO->__sleep()
#1 {main}
  thrown in [no active file] on line 0
[07-Jul-2022 00:08:07 Europe/Berlin] PHP Fatal error:  Uncaught PDOException: You cannot serialize or unserialize PDO instances in [no active file]:0
Stack trace:
#0 [internal function]: PDO->__sleep()
#1 {main}
  thrown in [no active file] on line 0
[07-Jul-2022 00:08:07 Europe/Berlin] PHP Fatal error:  Uncaught PDOException: You cannot serialize or unserialize PDO instances in [no active file]:0
Stack trace:
#0 [internal function]: PDO->__sleep()
#1 {main}
  thrown in [no active file] on line 0
[07-Jul-2022 00:08:08 Europe/Berlin] PHP Fatal error:  Uncaught PDOException: You cannot serialize or unserialize PDO instances in [no active file]:0
Stack trace:
#0 [internal function]: PDO->__sleep()
#1 {main}
  thrown in [no active file] on line 0
[07-Jul-2022 00:08:08 Europe/Berlin] PHP Fatal error:  Uncaught PDOException: You cannot serialize or unserialize PDO instances in [no active file]:0
Stack trace:
#0 [internal function]: PDO->__sleep()
#1 {main}
  thrown in [no active file] on line 0
[07-Jul-2022 00:08:40 Europe/Berlin] PHP Fatal error:  Uncaught Error: Call to undefined method site::init() in /var/www/dev/src/init.php:12
Stack trace:
#0 /var/www/dev/html/index.php(3): require_once()
#1 {main}
  thrown in /var/www/dev/src/init.php on line 12
[07-Jul-2022 00:11:54 Europe/Berlin] PHP Fatal error:  Uncaught Error: Call to undefined method site::init() in /var/www/dev/src/init.php:13
Stack trace:
#0 /var/www/dev/html/index.php(3): require_once()
#1 {main}
  thrown in /var/www/dev/src/init.php on line 13
[07-Jul-2022 00:12:48 Europe/Berlin] PHP Fatal error:  Uncaught Error: Call to undefined method site::init() in /var/www/dev/src/init.php:17
Stack trace:
#0 /var/www/dev/html/index.php(3): require_once()
#1 {main}
  thrown in /var/www/dev/src/init.php on line 17
[07-Jul-2022 00:13:30 Europe/Berlin] PHP Warning:  require_once(./util/auto_loader.php): failed to open stream: No such file or directory in /var/www/dev/src/init.php on line 5
[07-Jul-2022 00:13:30 Europe/Berlin] PHP Fatal error:  require_once(): Failed opening required './util/auto_loader.php' (include_path='/var/www/site/src') in /var/www/dev/src/init.php on line 5
[07-Jul-2022 00:14:58 Europe/Berlin] PHP Fatal error:  Uncaught Error: Call to undefined method site::init() in /var/www/dev/src/init.php:17
Stack trace:
#0 /var/www/dev/html/index.php(3): require_once()
#1 {main}
  thrown in /var/www/dev/src/init.php on line 17
[07-Jul-2022 00:15:24 Europe/Berlin] PHP Fatal error:  Uncaught Error: Call to undefined method site::init() in /var/www/dev/src/init.php:17
Stack trace:
#0 /var/www/dev/html/index.php(3): require_once()
#1 {main}
  thrown in /var/www/dev/src/init.php on line 17
[07-Jul-2022 00:15:32 Europe/Berlin] PHP Fatal error:  Uncaught Error: Call to undefined method site::init() in /var/www/dev/src/init.php:17
Stack trace:
#0 /var/www/dev/html/index.php(3): require_once()
#1 {main}
  thrown in /var/www/dev/src/init.php on line 17
[07-Jul-2022 00:19:17 Europe/Berlin] PHP Fatal error:  Uncaught Error: Call to undefined method site::init() in /var/www/dev/src/init.php:17
Stack trace:
#0 /var/www/dev/html/index.php(3): require_once()
#1 {main}
  thrown in /var/www/dev/src/init.php on line 17
[07-Jul-2022 00:19:54 Europe/Berlin] PHP Fatal error:  Uncaught Error: Call to undefined method site::init() in /var/www/dev/src/init.php:16
Stack trace:
#0 /var/www/dev/html/index.php(3): require_once()
#1 {main}
  thrown in /var/www/dev/src/init.php on line 16
[07-Jul-2022 00:25:36 Europe/Berlin] PHP Fatal error:  Uncaught Error: Call to undefined method site::init() in /var/www/dev/src/init.php:16
Stack trace:
#0 /var/www/dev/html/index.php(3): require_once()
#1 {main}
  thrown in /var/www/dev/src/init.php on line 16
[07-Jul-2022 00:25:37 Europe/Berlin] PHP Fatal error:  Uncaught Error: Call to undefined method site::init() in /var/www/dev/src/init.php:16
Stack trace:
#0 /var/www/dev/html/index.php(3): require_once()
#1 {main}
  thrown in /var/www/dev/src/init.php on line 16
[07-Jul-2022 00:25:37 Europe/Berlin] PHP Fatal error:  Uncaught Error: Call to undefined method site::init() in /var/www/dev/src/init.php:16
Stack trace:
#0 /var/www/dev/html/index.php(3): require_once()
#1 {main}
  thrown in /var/www/dev/src/init.php on line 16
[07-Jul-2022 00:25:37 Europe/Berlin] PHP Fatal error:  Uncaught Error: Call to undefined method site::init() in /var/www/dev/src/init.php:16
Stack trace:
#0 /var/www/dev/html/index.php(3): require_once()
#1 {main}
  thrown in /var/www/dev/src/init.php on line 16
[07-Jul-2022 00:26:25 Europe/Berlin] PHP Fatal error:  Uncaught Error: Call to undefined method site::init() in /var/www/dev/src/init.php:16
Stack trace:
#0 /var/www/dev/html/index.php(3): require_once()
#1 {main}
  thrown in /var/www/dev/src/init.php on line 16
[07-Jul-2022 00:26:35 Europe/Berlin] PHP Fatal error:  Uncaught Error: Call to undefined method site::init() in /var/www/dev/src/init.php:16
Stack trace:
#0 /var/www/dev/html/index.php(3): require_once()
#1 {main}
  thrown in /var/www/dev/src/init.php on line 16
[07-Jul-2022 00:26:52 Europe/Berlin] PHP Fatal error:  Uncaught Error: Call to undefined method site::init() in /var/www/dev/src/init.php:16
Stack trace:
#0 /var/www/dev/html/index.php(3): require_once()
#1 {main}
  thrown in /var/www/dev/src/init.php on line 16
[07-Jul-2022 00:28:31 Europe/Berlin] PHP Fatal error:  Uncaught Error: Call to undefined method site::init() in /var/www/dev/src/init.php:16
Stack trace:
#0 /var/www/dev/html/index.php(3): require_once()
#1 {main}
  thrown in /var/www/dev/src/init.php on line 16
[07-Jul-2022 00:28:50 Europe/Berlin] PHP Fatal error:  Uncaught Error: Call to undefined method site::init() in /var/www/dev/src/init.php:16
Stack trace:
#0 /var/www/dev/html/index.php(3): require_once()
#1 {main}
  thrown in /var/www/dev/src/init.php on line 16
[07-Jul-2022 00:30:00 Europe/Berlin] PHP Fatal error:  Uncaught Error: Class 'http\request' not found in /var/www/dev/src/init.php:11
Stack trace:
#0 /var/www/dev/html/index.php(3): require_once()
#1 {main}
  thrown in /var/www/dev/src/init.php on line 11
[07-Jul-2022 00:30:04 Europe/Berlin] PHP Fatal error:  Uncaught Error: Call to undefined method site::init() in /var/www/dev/src/init.php:16
Stack trace:
#0 /var/www/dev/html/index.php(3): require_once()
#1 {main}
  thrown in /var/www/dev/src/init.php on line 16
[07-Jul-2022 00:32:11 Europe/Berlin] PHP Fatal error:  Uncaught Error: Class 'http\request' not found in /var/www/dev/src/init.php:11
Stack trace:
#0 /var/www/dev/html/index.php(3): require_once()
#1 {main}
  thrown in /var/www/dev/src/init.php on line 11
[07-Jul-2022 00:32:33 Europe/Berlin] PHP Fatal error:  Uncaught Error: Class 'http\request' not found in /var/www/dev/src/init.php:11
Stack trace:
#0 /var/www/dev/html/index.php(3): require_once()
#1 {main}
  thrown in /var/www/dev/src/init.php on line 11
[07-Jul-2022 00:34:40 Europe/Berlin] PHP Fatal error:  Uncaught Error: Class 'http\request' not found in /var/www/dev/src/init.php:11
Stack trace:
#0 /var/www/dev/html/index.php(3): require_once()
#1 {main}
  thrown in /var/www/dev/src/init.php on line 11
[07-Jul-2022 00:36:45 Europe/Berlin] PHP Fatal error:  Uncaught Error: Call to undefined method site::init() in /var/www/dev/src/init.php:16
Stack trace:
#0 /var/www/dev/html/index.php(3): require_once()
#1 {main}
  thrown in /var/www/dev/src/init.php on line 16
[07-Jul-2022 00:37:01 Europe/Berlin] PHP Fatal error:  Uncaught Error: Call to undefined method site::init() in /var/www/dev/src/init.php:15
Stack trace:
#0 /var/www/dev/html/index.php(3): require_once()
#1 {main}
  thrown in /var/www/dev/src/init.php on line 15
[07-Jul-2022 00:38:31 Europe/Berlin] PHP Fatal error:  Uncaught Error: Class 'util\validate' not found in /var/www/dev/src/http/request.php:32
Stack trace:
#0 /var/www/dev/src/http/request.php(23): http\request->parse_url()
#1 /var/www/dev/src/http/request.php(88): http\request->__construct()
#2 /var/www/dev/src/init.php(11): http\request::init()
#3 /var/www/dev/html/index.php(3): require_once('/var/www/dev/sr...')
#4 {main}
  thrown in /var/www/dev/src/http/request.php on line 32
[07-Jul-2022 00:38:44 Europe/Berlin] PHP Fatal error:  Uncaught Error: Class 'util\validate' not found in /var/www/dev/src/http/request.php:32
Stack trace:
#0 /var/www/dev/src/http/request.php(23): http\request->parse_url()
#1 /var/www/dev/src/http/request.php(88): http\request->__construct()
#2 /var/www/dev/src/init.php(11): http\request::init()
#3 /var/www/dev/html/index.php(3): require_once('/var/www/dev/sr...')
#4 {main}
  thrown in /var/www/dev/src/http/request.php on line 32
[07-Jul-2022 00:40:10 Europe/Berlin] PHP Fatal error:  Uncaught Error: Class 'http\request' not found in /var/www/dev/src/init.php:11
Stack trace:
#0 /var/www/dev/html/index.php(3): require_once()
#1 {main}
  thrown in /var/www/dev/src/init.php on line 11
[07-Jul-2022 00:40:19 Europe/Berlin] PHP Fatal error:  Uncaught Error: Class 'http\request' not found in /var/www/dev/src/init.php:11
Stack trace:
#0 /var/www/dev/html/index.php(3): require_once()
#1 {main}
  thrown in /var/www/dev/src/init.php on line 11
[07-Jul-2022 00:40:21 Europe/Berlin] PHP Fatal error:  Uncaught Error: Class 'http\request' not found in /var/www/dev/src/init.php:11
Stack trace:
#0 /var/www/dev/html/index.php(3): require_once()
#1 {main}
  thrown in /var/www/dev/src/init.php on line 11
[07-Jul-2022 00:41:56 Europe/Berlin] PHP Fatal error:  Uncaught Error: Call to undefined function set_include_dir() in /var/www/dev/src/init.php:4
Stack trace:
#0 /var/www/dev/html/index.php(3): require_once()
#1 {main}
  thrown in /var/www/dev/src/init.php on line 4
[07-Jul-2022 00:41:58 Europe/Berlin] PHP Fatal error:  Uncaught Error: Call to undefined function set_include_dir() in /var/www/dev/src/init.php:4
Stack trace:
#0 /var/www/dev/html/index.php(3): require_once()
#1 {main}
  thrown in /var/www/dev/src/init.php on line 4
[07-Jul-2022 00:48:02 Europe/Berlin] PHP Fatal error:  Uncaught Exception: Internal server error in /var/www/dev/src/api/routes.php:36
Stack trace:
#0 /var/www/dev/src/api/routes.php(12): api\routes::get_main_config()
#1 /var/www/dev/src/api/router.php(97): api\routes::get_routes()
#2 /var/www/dev/src/api/router.php(27): api\router->get_routes()
#3 /var/www/dev/src/api/controller.php(13): api\router->map()
#4 /var/www/dev/src/http/router.php(19): api\controller::route()
#5 /var/www/dev/html/index.php(7): http\router::map()
#6 {main}
  thrown in /var/www/dev/src/api/routes.php on line 36
[07-Jul-2022 00:48:39 Europe/Berlin] PHP Fatal error:  Uncaught Exception: Endpoint not found in /var/www/dev/src/api/router.php:34
Stack trace:
#0 /var/www/dev/src/api/controller.php(13): api\router->map()
#1 /var/www/dev/src/http/router.php(19): api\controller::route()
#2 /var/www/dev/html/index.php(7): http\router::map()
#3 {main}
  thrown in /var/www/dev/src/api/router.php on line 34
[07-Jul-2022 00:48:44 Europe/Berlin] PHP Fatal error:  Uncaught Exception: Authorization error in /var/www/dev/src/api/router.php:38
Stack trace:
#0 /var/www/dev/src/api/controller.php(13): api\router->map()
#1 /var/www/dev/src/http/router.php(19): api\controller::route()
#2 /var/www/dev/html/index.php(7): http\router::map()
#3 {main}
  thrown in /var/www/dev/src/api/router.php on line 38
[07-Jul-2022 00:48:56 Europe/Berlin] PHP Fatal error:  Uncaught Error: Class 'api\resource_controller' not found in /var/www/dev/src/api/controller.php:18
Stack trace:
#0 /var/www/dev/src/http/router.php(19): api\controller::route()
#1 /var/www/dev/html/index.php(7): http\router::map()
#2 {main}
  thrown in /var/www/dev/src/api/controller.php on line 18
[07-Jul-2022 00:51:10 Europe/Berlin] PHP Fatal error:  Uncaught Error: Class 'api\resource_controller' not found in /var/www/dev/src/api/controller.php:18
Stack trace:
#0 /var/www/dev/src/http/router.php(19): api\controller::route()
#1 /var/www/dev/html/index.php(7): http\router::map()
#2 {main}
  thrown in /var/www/dev/src/api/controller.php on line 18
[07-Jul-2022 00:51:12 Europe/Berlin] PHP Fatal error:  Uncaught Exception: Endpoint not found in /var/www/dev/src/api/router.php:34
Stack trace:
#0 /var/www/dev/src/api/controller.php(13): api\router->map()
#1 /var/www/dev/src/http/router.php(19): api\controller::route()
#2 /var/www/dev/html/index.php(7): http\router::map()
#3 {main}
  thrown in /var/www/dev/src/api/router.php on line 34
[07-Jul-2022 00:51:18 Europe/Berlin] PHP Fatal error:  Uncaught Error: Class 'api\resource_controller' not found in /var/www/dev/src/api/controller.php:18
Stack trace:
#0 /var/www/dev/src/http/router.php(19): api\controller::route()
#1 /var/www/dev/html/index.php(7): http\router::map()
#2 {main}
  thrown in /var/www/dev/src/api/controller.php on line 18
[07-Jul-2022 00:51:48 Europe/Berlin] PHP Fatal error:  Uncaught Error: Class 'api\resource_controller' not found in /var/www/dev/src/api/controller.php:20
Stack trace:
#0 /var/www/dev/src/http/router.php(19): api\controller::route()
#1 /var/www/dev/html/index.php(7): http\router::map()
#2 {main}
  thrown in /var/www/dev/src/api/controller.php on line 20
[07-Jul-2022 00:52:37 Europe/Berlin] PHP Fatal error:  Uncaught Error: Call to undefined method pokemon\api\controller::call() in /var/www/dev/src/api/controller.php:24
Stack trace:
#0 /var/www/dev/src/http/router.php(19): api\controller::route()
#1 /var/www/dev/html/index.php(7): http\router::map()
#2 {main}
  thrown in /var/www/dev/src/api/controller.php on line 24
[07-Jul-2022 00:55:00 Europe/Berlin] PHP Fatal error:  Uncaught Error: Using $this when not in object context in /var/www/dev/src/util/config.php:26
Stack trace:
#0 /var/www/dev/src/util/table.php(43): util\config::db()
#1 /var/www/dev/src/pokemon/api/model.php(8): util\table->__construct('Pokemon')
#2 /var/www/dev/src/api/resource/controller.php(16): pokemon\api\model->__construct()
#3 /var/www/dev/src/api/controller.php(23): api\resource\controller->__construct('get_list', 'pokemon\\api\\mod...', Array, Array)
#4 /var/www/dev/src/http/router.php(19): api\controller::route()
#5 /var/www/dev/html/index.php(7): http\router::map()
#6 {main}
  thrown in /var/www/dev/src/util/config.php on line 26
[07-Jul-2022 13:11:20 Europe/Berlin] PHP Warning:  session_start(): Failed to decode session object. Session has been destroyed in /var/www/dev/src/init.php on line 9
[07-Jul-2022 13:11:20 Europe/Berlin] PHP Parse error:  syntax error, unexpected '}' in /var/www/dev/src/util/config.php on line 25
[07-Jul-2022 13:17:41 Europe/Berlin] PHP Fatal error:  Uncaught Error: Call to undefined method config::init() in /var/www/dev/src/init.php:19
Stack trace:
#0 /var/www/dev/html/index.php(3): require_once()
#1 {main}
  thrown in /var/www/dev/src/init.php on line 19
[07-Jul-2022 13:35:53 Europe/Berlin] PHP Fatal error:  A void function must not return a value in /var/www/dev/src/config.php on line 21
[07-Jul-2022 13:36:11 Europe/Berlin] PHP Warning:  file_get_contents(/var/www/devconf/db.json): failed to open stream: No such file or directory in /var/www/dev/src/util/json.php on line 15
[07-Jul-2022 13:40:02 Europe/Berlin] PHP Warning:  file_get_contents(/var/www/devconf/db.json): failed to open stream: No such file or directory in /var/www/dev/src/util/json.php on line 15
[07-Jul-2022 13:50:38 Europe/Berlin] PHP Warning:  file_get_contents(/var/www/dev/conf/db.json): failed to open stream: No such file or directory in /var/www/dev/src/util/json.php on line 15
[07-Jul-2022 13:50:39 Europe/Berlin] PHP Warning:  file_get_contents(/var/www/dev/conf/db.json): failed to open stream: No such file or directory in /var/www/dev/src/util/json.php on line 15
[07-Jul-2022 13:50:49 Europe/Berlin] PHP Warning:  file_get_contents(/var/www/dev/conf/db.json): failed to open stream: No such file or directory in /var/www/dev/src/util/json.php on line 15
[07-Jul-2022 13:50:49 Europe/Berlin] PHP Fatal error:  Uncaught Error: Call to undefined method site::config() in /var/www/dev/src/util/table.php:43
Stack trace:
#0 /var/www/dev/src/pokemon/api/model.php(8): util\table->__construct('Pokemon')
#1 /var/www/dev/src/api/resource/controller.php(16): pokemon\api\model->__construct()
#2 /var/www/dev/src/api/controller.php(21): api\resource\controller->__construct('get_list', 'pokemon\\api\\mod...', Array, Array)
#3 /var/www/dev/src/http/router.php(15): api\controller::route()
#4 /var/www/dev/html/index.php(7): http\router::map()
#5 {main}
  thrown in /var/www/dev/src/util/table.php on line 43
[07-Jul-2022 13:51:05 Europe/Berlin] PHP Warning:  file_get_contents(/var/www/dev/conf/db.json): failed to open stream: No such file or directory in /var/www/dev/src/util/json.php on line 15
[07-Jul-2022 13:51:05 Europe/Berlin] PHP Fatal error:  Uncaught Error: Call to undefined method site::config() in /var/www/dev/src/util/table.php:43
Stack trace:
#0 /var/www/dev/src/pokemon/api/model.php(8): util\table->__construct('Pokemon')
#1 /var/www/dev/src/api/resource/controller.php(16): pokemon\api\model->__construct()
#2 /var/www/dev/src/api/controller.php(21): api\resource\controller->__construct('get_list', 'pokemon\\api\\mod...', Array, Array)
#3 /var/www/dev/src/http/router.php(15): api\controller::route()
#4 /var/www/dev/html/index.php(7): http\router::map()
#5 {main}
  thrown in /var/www/dev/src/util/table.php on line 43
[07-Jul-2022 13:53:04 Europe/Berlin] PHP Warning:  file_get_contents(/var/www/dev/conf/db.json): failed to open stream: No such file or directory in /var/www/dev/src/util/json.php on line 15
[07-Jul-2022 13:53:04 Europe/Berlin] PHP Notice:  Undefined index: server_host in /var/www/dev/src/util/database.php on line 7
[07-Jul-2022 13:53:04 Europe/Berlin] PHP Notice:  Undefined index: server_port in /var/www/dev/src/util/database.php on line 8
[07-Jul-2022 13:53:04 Europe/Berlin] PHP Notice:  Undefined index: database_name in /var/www/dev/src/util/database.php on line 9
[07-Jul-2022 13:53:04 Europe/Berlin] PHP Notice:  Undefined index: username in /var/www/dev/src/util/pdo.php on line 8
[07-Jul-2022 13:53:04 Europe/Berlin] PHP Notice:  Undefined index: password in /var/www/dev/src/util/pdo.php on line 8
[07-Jul-2022 13:53:04 Europe/Berlin] PHP Fatal error:  Uncaught PDOException: SQLSTATE[HY000] [1045] Access denied for user ''@'localhost' (using password: NO) in /var/www/dev/src/util/pdo.php:8
Stack trace:
#0 /var/www/dev/src/util/pdo.php(8): PDO->__construct('mysql:host=;por...', NULL, NULL, Array)
#1 /var/www/dev/src/util/table.php(45): util\pdo::init(Array)
#2 /var/www/dev/src/pokemon/api/model.php(8): util\table->__construct('Pokemon')
#3 /var/www/dev/src/api/resource/controller.php(16): pokemon\api\model->__construct()
#4 /var/www/dev/src/api/controller.php(21): api\resource\controller->__construct('get_list', 'pokemon\\api\\mod...', Array, Array)
#5 /var/www/dev/src/http/router.php(15): api\controller::route()
#6 /var/www/dev/html/index.php(7): http\router::map()
#7 {main}
  thrown in /var/www/dev/src/util/pdo.php on line 8
[07-Jul-2022 13:53:12 Europe/Berlin] PHP Warning:  file_get_contents(/var/www/dev/conf/db.json): failed to open stream: No such file or directory in /var/www/dev/src/util/json.php on line 15
[07-Jul-2022 13:53:12 Europe/Berlin] PHP Notice:  Undefined index: server_host in /var/www/dev/src/util/database.php on line 7
[07-Jul-2022 13:53:12 Europe/Berlin] PHP Notice:  Undefined index: server_port in /var/www/dev/src/util/database.php on line 8
[07-Jul-2022 13:53:12 Europe/Berlin] PHP Notice:  Undefined index: database_name in /var/www/dev/src/util/database.php on line 9
[07-Jul-2022 13:53:12 Europe/Berlin] PHP Notice:  Undefined index: username in /var/www/dev/src/util/pdo.php on line 8
[07-Jul-2022 13:53:12 Europe/Berlin] PHP Notice:  Undefined index: password in /var/www/dev/src/util/pdo.php on line 8
[07-Jul-2022 13:53:12 Europe/Berlin] PHP Fatal error:  Uncaught PDOException: SQLSTATE[HY000] [1045] Access denied for user ''@'localhost' (using password: NO) in /var/www/dev/src/util/pdo.php:8
Stack trace:
#0 /var/www/dev/src/util/pdo.php(8): PDO->__construct('mysql:host=;por...', NULL, NULL, Array)
#1 /var/www/dev/src/util/table.php(45): util\pdo::init(Array)
#2 /var/www/dev/src/pokemon/api/model.php(8): util\table->__construct('Pokemon')
#3 /var/www/dev/src/api/resource/controller.php(16): pokemon\api\model->__construct()
#4 /var/www/dev/src/api/controller.php(21): api\resource\controller->__construct('get_list', 'pokemon\\api\\mod...', Array, Array)
#5 /var/www/dev/src/http/router.php(15): api\controller::route()
#6 /var/www/dev/html/index.php(7): http\router::map()
#7 {main}
  thrown in /var/www/dev/src/util/pdo.php on line 8
[07-Jul-2022 14:31:36 Europe/Berlin] PHP Fatal error:  Uncaught TypeError: Return value of util\validate::query() must be of the type bool, int returned in /var/www/dev/src/util/validate.php:24
Stack trace:
#0 /var/www/dev/src/util/validate.php(58): util\validate::query('/api/pokemon')
#1 /var/www/dev/src/http/request.php(34): util\validate::query_key(Array, 'path')
#2 /var/www/dev/src/http/request.php(23): http\request->parse_url()
#3 /var/www/dev/src/http/request.php(90): http\request->__construct()
#4 /var/www/dev/src/system.php(6): http\request::init()
#5 /var/www/dev/src/init.php(11): system::init()
#6 /var/www/dev/html/index.php(3): require_once('/var/www/dev/sr...')
#7 {main}
  thrown in /var/www/dev/src/util/validate.php on line 24
[07-Jul-2022 14:39:07 Europe/Berlin] PHP Fatal error:  Uncaught Error: Class 'config' not found in /var/www/dev/src/system/config.php:20
Stack trace:
#0 /var/www/dev/src/system.php(8): system\config::init()
#1 /var/www/dev/src/init.php(11): system::init()
#2 /var/www/dev/html/index.php(3): require_once('/var/www/dev/sr...')
#3 {main}
  thrown in /var/www/dev/src/system/config.php on line 20
[07-Jul-2022 14:39:42 Europe/Berlin] PHP Warning:  file_get_contents(/var/www/dev/src/config/db.json): failed to open stream: No such file or directory in /var/www/dev/src/util/json.php on line 15
[07-Jul-2022 14:39:42 Europe/Berlin] PHP Fatal error:  Uncaught Error: Class 'config' not found in /var/www/dev/src/api/routes.php:43
Stack trace:
#0 /var/www/dev/src/api/routes.php(35): api\routes::main_config_path()
#1 /var/www/dev/src/api/routes.php(12): api\routes::main_config()
#2 /var/www/dev/src/api/router.php(97): api\routes::get_routes()
#3 /var/www/dev/src/api/router.php(27): api\router->get_routes()
#4 /var/www/dev/src/api/controller.php(13): api\router->map()
#5 /var/www/dev/src/http/router.php(15): api\controller::route()
#6 /var/www/dev/html/index.php(7): http\router::map()
#7 {main}
  thrown in /var/www/dev/src/api/routes.php on line 43
[07-Jul-2022 14:43:22 Europe/Berlin] PHP Warning:  file_get_contents(/var/www/dev/src/config/db.json): failed to open stream: No such file or directory in /var/www/dev/src/util/json.php on line 15
[07-Jul-2022 14:43:22 Europe/Berlin] PHP Fatal error:  Uncaught Exception: Missing main api configuration file. in /var/www/dev/src/api/routes.php:38
Stack trace:
#0 /var/www/dev/src/api/routes.php(12): api\routes::main_config()
#1 /var/www/dev/src/api/router.php(97): api\routes::get_routes()
#2 /var/www/dev/src/api/router.php(27): api\router->get_routes()
#3 /var/www/dev/src/api/controller.php(13): api\router->map()
#4 /var/www/dev/src/http/router.php(15): api\controller::route()
#5 /var/www/dev/html/index.php(7): http\router::map()
#6 {main}
  thrown in /var/www/dev/src/api/routes.php on line 38
[07-Jul-2022 14:44:25 Europe/Berlin] PHP Fatal error:  Uncaught Error: Class 'config' not found in /var/www/dev/src/util/table.php:45
Stack trace:
#0 /var/www/dev/src/pokemon/api/model.php(8): util\table->__construct('Pokemon')
#1 /var/www/dev/src/api/resource/controller.php(16): pokemon\api\model->__construct()
#2 /var/www/dev/src/api/controller.php(21): api\resource\controller->__construct('get_list', 'pokemon\\api\\mod...', Array, Array)
#3 /var/www/dev/src/http/router.php(15): api\controller::route()
#4 /var/www/dev/html/index.php(7): http\router::map()
#5 {main}
  thrown in /var/www/dev/src/util/table.php on line 45
[07-Jul-2022 14:44:57 Europe/Berlin] PHP Parse error:  syntax error, unexpected '->' (T_OBJECT_OPERATOR) in /var/www/dev/src/util/table.php on line 45
[07-Jul-2022 15:19:02 Europe/Berlin] PHP Fatal error:  Uncaught TypeError: Argument 1 passed to api\resource\controller::get_json_encoded_response() must be of the type array, string given, called in /var/www/dev/src/api/resource/controller.php on line 24 and defined in /var/www/dev/src/api/resource/controller.php:27
Stack trace:
#0 /var/www/dev/src/api/resource/controller.php(24): api\resource\controller->get_json_encoded_response('ec8c295cb5e8eb9...')
#1 /var/www/dev/src/api/controller.php(22): api\resource\controller->call()
#2 /var/www/dev/src/http/router.php(15): api\controller::route()
#3 /var/www/dev/html/index.php(7): http\router::map()
#4 {main}
  thrown in /var/www/dev/src/api/resource/controller.php on line 27
[23-Jul-2022 13:35:01 Europe/Berlin] PHP Notice:  Undefined property: http\request::$API_REQ in /var/www/dev/src/http/request.php on line 51
[23-Jul-2022 13:35:01 Europe/Berlin] PHP Fatal error:  Uncaught Exception: Resource model not found in /var/www/dev/src/api/router.php:60
Stack trace:
#0 /var/www/dev/src/api/router.php(51): api\router->validate_route()
#1 /var/www/dev/src/api/controller.php(13): api\router->map()
#2 /var/www/dev/src/http/router.php(15): api\controller::route()
#3 /var/www/dev/html/index.php(7): http\router::map()
#4 {main}
  thrown in /var/www/dev/src/api/router.php on line 60
[23-Jul-2022 13:37:46 Europe/Berlin] PHP Fatal error:  Uncaught Error: Class 'split\api\model' not found in /var/www/dev/src/api/resource/controller.php:16
Stack trace:
#0 /var/www/dev/src/api/controller.php(21): api\resource\controller->__construct('per_traveler', 'split\\api\\model', Array, Array)
#1 /var/www/dev/src/http/router.php(15): api\controller::route()
#2 /var/www/dev/html/index.php(7): http\router::map()
#3 {main}
  thrown in /var/www/dev/src/api/resource/controller.php on line 16
[23-Jul-2022 13:39:44 Europe/Berlin] PHP Notice:  Undefined index: distance_km in /var/www/dev/src/split/api/controller.php on line 9
[23-Jul-2022 13:39:44 Europe/Berlin] PHP Notice:  Undefined index: fuel_cost in /var/www/dev/src/split/api/controller.php on line 10
[23-Jul-2022 13:39:44 Europe/Berlin] PHP Notice:  Undefined index: traveler_count in /var/www/dev/src/split/api/controller.php on line 11
[23-Jul-2022 13:39:44 Europe/Berlin] PHP Notice:  Undefined index: vehicle_consumption_100km in /var/www/dev/src/split/api/controller.php on line 12
[23-Jul-2022 13:39:44 Europe/Berlin] PHP Notice:  Undefined variable: consumption_cost in /var/www/dev/src/split/api/controller.php on line 14
[23-Jul-2022 13:39:44 Europe/Berlin] PHP Warning:  Division by zero in /var/www/dev/src/split/api/controller.php on line 16
[23-Jul-2022 13:40:02 Europe/Berlin] PHP Notice:  Undefined index: distance_km in /var/www/dev/src/split/api/controller.php on line 9
[23-Jul-2022 13:40:02 Europe/Berlin] PHP Notice:  Undefined index: fuel_cost in /var/www/dev/src/split/api/controller.php on line 10
[23-Jul-2022 13:40:02 Europe/Berlin] PHP Notice:  Undefined index: traveler_count in /var/www/dev/src/split/api/controller.php on line 11
[23-Jul-2022 13:40:02 Europe/Berlin] PHP Notice:  Undefined index: vehicle_consumption_100km in /var/www/dev/src/split/api/controller.php on line 12
[23-Jul-2022 13:40:02 Europe/Berlin] PHP Notice:  Undefined variable: consumption_cost in /var/www/dev/src/split/api/controller.php on line 14
[23-Jul-2022 13:40:02 Europe/Berlin] PHP Warning:  Division by zero in /var/www/dev/src/split/api/controller.php on line 16
[23-Jul-2022 13:41:36 Europe/Berlin] PHP Notice:  Undefined index: distance_km in /var/www/dev/src/split/api/controller.php on line 9
[23-Jul-2022 13:41:36 Europe/Berlin] PHP Notice:  Undefined index: fuel_cost in /var/www/dev/src/split/api/controller.php on line 10
[23-Jul-2022 13:41:36 Europe/Berlin] PHP Notice:  Undefined index: traveler_count in /var/www/dev/src/split/api/controller.php on line 11
[23-Jul-2022 13:41:36 Europe/Berlin] PHP Notice:  Undefined index: vehicle_consumption_100km in /var/www/dev/src/split/api/controller.php on line 12
[23-Jul-2022 13:41:36 Europe/Berlin] PHP Notice:  Undefined variable: consumption_cost in /var/www/dev/src/split/api/controller.php on line 14
[23-Jul-2022 13:41:36 Europe/Berlin] PHP Warning:  Division by zero in /var/www/dev/src/split/api/controller.php on line 16
[23-Jul-2022 13:42:45 Europe/Berlin] PHP Fatal error:  Uncaught Exception: Endpoint not found in /var/www/dev/src/api/router.php:34
Stack trace:
#0 /var/www/dev/src/api/controller.php(13): api\router->map()
#1 /var/www/dev/src/http/router.php(15): api\controller::route()
#2 /var/www/dev/html/index.php(7): http\router::map()
#3 {main}
  thrown in /var/www/dev/src/api/router.php on line 34
[23-Jul-2022 13:42:49 Europe/Berlin] PHP Fatal error:  Uncaught Exception: Endpoint not found in /var/www/dev/src/api/router.php:34
Stack trace:
#0 /var/www/dev/src/api/controller.php(13): api\router->map()
#1 /var/www/dev/src/http/router.php(15): api\controller::route()
#2 /var/www/dev/html/index.php(7): http\router::map()
#3 {main}
  thrown in /var/www/dev/src/api/router.php on line 34
[23-Jul-2022 13:43:50 Europe/Berlin] PHP Fatal error:  Uncaught Exception: Endpoint not found in /var/www/dev/src/api/router.php:37
Stack trace:
#0 /var/www/dev/src/api/controller.php(13): api\router->map()
#1 /var/www/dev/src/http/router.php(15): api\controller::route()
#2 /var/www/dev/html/index.php(7): http\router::map()
#3 {main}
  thrown in /var/www/dev/src/api/router.php on line 37
[23-Jul-2022 13:44:26 Europe/Berlin] PHP Fatal error:  Uncaught Error: Class 'debug' not found in /var/www/dev/src/api/router.php:34
Stack trace:
#0 /var/www/dev/src/api/controller.php(13): api\router->map()
#1 /var/www/dev/src/http/router.php(15): api\controller::route()
#2 /var/www/dev/html/index.php(7): http\router::map()
#3 {main}
  thrown in /var/www/dev/src/api/router.php on line 34
[23-Jul-2022 13:44:42 Europe/Berlin] PHP Fatal error:  Uncaught Exception: Endpoint not found in /var/www/dev/src/api/router.php:37
Stack trace:
#0 /var/www/dev/src/api/controller.php(13): api\router->map()
#1 /var/www/dev/src/http/router.php(15): api\controller::route()
#2 /var/www/dev/html/index.php(7): http\router::map()
#3 {main}
  thrown in /var/www/dev/src/api/router.php on line 37
[23-Jul-2022 13:45:55 Europe/Berlin] PHP Notice:  Undefined property: api\router::$config in /var/www/dev/src/api/router.php on line 34
[23-Jul-2022 13:45:55 Europe/Berlin] PHP Fatal error:  Uncaught Exception: Endpoint not found in /var/www/dev/src/api/router.php:37
Stack trace:
#0 /var/www/dev/src/api/controller.php(13): api\router->map()
#1 /var/www/dev/src/http/router.php(15): api\controller::route()
#2 /var/www/dev/html/index.php(7): http\router::map()
#3 {main}
  thrown in /var/www/dev/src/api/router.php on line 37
[23-Jul-2022 13:46:12 Europe/Berlin] PHP Fatal error:  Uncaught Exception: Endpoint not found in /var/www/dev/src/api/router.php:37
Stack trace:
#0 /var/www/dev/src/api/controller.php(13): api\router->map()
#1 /var/www/dev/src/http/router.php(15): api\controller::route()
#2 /var/www/dev/html/index.php(7): http\router::map()
#3 {main}
  thrown in /var/www/dev/src/api/router.php on line 37
[23-Jul-2022 13:47:33 Europe/Berlin] PHP Fatal error:  Uncaught Exception: Endpoint not found in /var/www/dev/src/api/router.php:34
Stack trace:
#0 /var/www/dev/src/api/controller.php(13): api\router->map()
#1 /var/www/dev/src/http/router.php(15): api\controller::route()
#2 /var/www/dev/html/index.php(7): http\router::map()
#3 {main}
  thrown in /var/www/dev/src/api/router.php on line 34
[23-Jul-2022 13:47:35 Europe/Berlin] PHP Fatal error:  Uncaught Exception: Endpoint not found in /var/www/dev/src/api/router.php:34
Stack trace:
#0 /var/www/dev/src/api/controller.php(13): api\router->map()
#1 /var/www/dev/src/http/router.php(15): api\controller::route()
#2 /var/www/dev/html/index.php(7): http\router::map()
#3 {main}
  thrown in /var/www/dev/src/api/router.php on line 34
[23-Jul-2022 13:52:17 Europe/Berlin] PHP Notice:  Undefined index: distance_km in /var/www/dev/src/split/fuel/api/controller.php on line 10
[23-Jul-2022 13:52:17 Europe/Berlin] PHP Notice:  Undefined index: fuel_cost in /var/www/dev/src/split/fuel/api/controller.php on line 11
[23-Jul-2022 13:52:17 Europe/Berlin] PHP Notice:  Undefined index: traveler_count in /var/www/dev/src/split/fuel/api/controller.php on line 12
[23-Jul-2022 13:52:17 Europe/Berlin] PHP Notice:  Undefined index: vehicle_consumption_100km in /var/www/dev/src/split/fuel/api/controller.php on line 13
[23-Jul-2022 13:52:17 Europe/Berlin] PHP Notice:  Undefined variable: consumption_cost in /var/www/dev/src/split/fuel/api/controller.php on line 15
[23-Jul-2022 13:52:17 Europe/Berlin] PHP Warning:  Division by zero in /var/www/dev/src/split/fuel/api/controller.php on line 17
[23-Jul-2022 13:52:50 Europe/Berlin] PHP Fatal error:  Uncaught Exception: Endpoint not found in /var/www/dev/src/api/router.php:34
Stack trace:
#0 /var/www/dev/src/api/controller.php(13): api\router->map()
#1 /var/www/dev/src/http/router.php(15): api\controller::route()
#2 /var/www/dev/html/index.php(7): http\router::map()
#3 {main}
  thrown in /var/www/dev/src/api/router.php on line 34
[23-Jul-2022 13:53:05 Europe/Berlin] PHP Notice:  Undefined index: distance_km in /var/www/dev/src/split/fuel/api/controller.php on line 12
[23-Jul-2022 13:53:05 Europe/Berlin] PHP Notice:  Undefined index: fuel_cost in /var/www/dev/src/split/fuel/api/controller.php on line 13
[23-Jul-2022 13:53:05 Europe/Berlin] PHP Notice:  Undefined index: traveler_count in /var/www/dev/src/split/fuel/api/controller.php on line 14
[23-Jul-2022 13:53:05 Europe/Berlin] PHP Notice:  Undefined index: vehicle_consumption_100km in /var/www/dev/src/split/fuel/api/controller.php on line 15
[23-Jul-2022 13:53:05 Europe/Berlin] PHP Notice:  Undefined variable: consumption_cost in /var/www/dev/src/split/fuel/api/controller.php on line 17
[23-Jul-2022 13:53:05 Europe/Berlin] PHP Warning:  Division by zero in /var/www/dev/src/split/fuel/api/controller.php on line 19
[23-Jul-2022 13:54:10 Europe/Berlin] PHP Notice:  Undefined index: distance_km in /var/www/dev/src/split/fuel/api/controller.php on line 12
[23-Jul-2022 13:54:10 Europe/Berlin] PHP Notice:  Undefined index: fuel_cost in /var/www/dev/src/split/fuel/api/controller.php on line 13
[23-Jul-2022 13:54:10 Europe/Berlin] PHP Notice:  Undefined index: traveler_count in /var/www/dev/src/split/fuel/api/controller.php on line 14
[23-Jul-2022 13:54:10 Europe/Berlin] PHP Notice:  Undefined index: vehicle_consumption_100km in /var/www/dev/src/split/fuel/api/controller.php on line 15
[23-Jul-2022 13:54:10 Europe/Berlin] PHP Notice:  Undefined variable: consumption_cost in /var/www/dev/src/split/fuel/api/controller.php on line 17
[23-Jul-2022 13:54:10 Europe/Berlin] PHP Warning:  Division by zero in /var/www/dev/src/split/fuel/api/controller.php on line 19
[23-Jul-2022 13:55:10 Europe/Berlin] PHP Notice:  Undefined index: fuel_cost in /var/www/dev/src/split/fuel/api/controller.php on line 11
[23-Jul-2022 13:55:10 Europe/Berlin] PHP Notice:  Undefined variable: consumption_cost in /var/www/dev/src/split/fuel/api/controller.php on line 15
[23-Jul-2022 13:55:49 Europe/Berlin] PHP Notice:  Undefined index: fuel_cost in /var/www/dev/src/split/fuel/api/controller.php on line 11
[23-Jul-2022 13:55:49 Europe/Berlin] PHP Notice:  Undefined variable: consumption_cost in /var/www/dev/src/split/fuel/api/controller.php on line 15
[23-Jul-2022 13:56:35 Europe/Berlin] PHP Notice:  Undefined index: fuel_cost in /var/www/dev/src/split/fuel/api/controller.php on line 11
[23-Jul-2022 13:56:35 Europe/Berlin] PHP Notice:  Undefined variable: consumption_cost in /var/www/dev/src/split/fuel/api/controller.php on line 15
[23-Jul-2022 13:59:52 Europe/Berlin] PHP Notice:  Undefined index: fuel_cost in /var/www/dev/src/split/fuel/api/controller.php on line 11
[23-Jul-2022 13:59:52 Europe/Berlin] PHP Notice:  Undefined variable: consumption_cost in /var/www/dev/src/split/fuel/api/controller.php on line 15
[23-Jul-2022 14:01:07 Europe/Berlin] PHP Notice:  Undefined index: fuel_cost in /var/www/dev/src/split/fuel/api/controller.php on line 12
[23-Jul-2022 14:01:18 Europe/Berlin] PHP Notice:  Undefined index: fuel_cost in /var/www/dev/src/split/fuel/api/controller.php on line 12
[23-Jul-2022 14:01:26 Europe/Berlin] PHP Notice:  Undefined index: fuel_cost in /var/www/dev/src/split/fuel/api/controller.php on line 12
[23-Jul-2022 14:01:39 Europe/Berlin] PHP Notice:  Undefined index: fuel_cost in /var/www/dev/src/split/fuel/api/controller.php on line 12
[23-Jul-2022 14:02:34 Europe/Berlin] PHP Notice:  Undefined index: fuel_cost in /var/www/dev/src/split/fuel/api/controller.php on line 11
[23-Jul-2022 14:03:09 Europe/Berlin] PHP Notice:  Undefined index: fuel_cost in /var/www/dev/src/split/fuel/api/controller.php on line 13
[23-Jul-2022 14:03:39 Europe/Berlin] PHP Notice:  Undefined index: fuel_cost in /var/www/dev/src/split/fuel/api/controller.php on line 11
[23-Jul-2022 14:03:50 Europe/Berlin] PHP Notice:  Undefined index: fuel_cost in /var/www/dev/src/split/fuel/api/controller.php on line 11
[23-Jul-2022 14:04:10 Europe/Berlin] PHP Notice:  Undefined index: fuel_cost in /var/www/dev/src/split/fuel/api/controller.php on line 13
[23-Jul-2022 14:04:46 Europe/Berlin] PHP Notice:  Undefined index: fuel_cost in /var/www/dev/src/split/fuel/api/controller.php on line 13
[23-Jul-2022 14:07:32 Europe/Berlin] PHP Fatal error:  Uncaught Exception: Endpoint not found in /var/www/dev/src/api/router.php:34
Stack trace:
#0 /var/www/dev/src/api/controller.php(13): api\router->map()
#1 /var/www/dev/src/http/router.php(15): api\controller::route()
#2 /var/www/dev/html/index.php(7): http\router::map()
#3 {main}
  thrown in /var/www/dev/src/api/router.php on line 34
[23-Jul-2022 15:21:25 Europe/Berlin] PHP Fatal error:  Uncaught Exception: Endpoint not found in /var/www/dev/src/api/router.php:34
Stack trace:
#0 /var/www/dev/src/api/controller.php(13): api\router->map()
#1 /var/www/dev/src/http/router.php(15): api\controller::route()
#2 /var/www/dev/html/index.php(7): http\router::map()
#3 {main}
  thrown in /var/www/dev/src/api/router.php on line 34
[23-Jul-2022 15:53:50 Europe/Berlin] PHP Parse error:  syntax error, unexpected ';', expecting ']' in /var/www/dev/src/api/router.php on line 129
[23-Jul-2022 15:54:10 Europe/Berlin] PHP Fatal error:  Uncaught Error: Using $this when not in object context in /var/www/dev/src/api/router.php:135
Stack trace:
#0 /var/www/dev/src/api/router.php(129): api\router::call_data()
#1 /var/www/dev/src/api/router.php(49): api\router->create_route()
#2 /var/www/dev/src/api/controller.php(13): api\router->map()
#3 /var/www/dev/src/http/router.php(15): api\controller::route()
#4 /var/www/dev/html/index.php(7): http\router::map()
#5 {main}
  thrown in /var/www/dev/src/api/router.php on line 135
[23-Jul-2022 15:54:58 Europe/Berlin] PHP Fatal error:  Uncaught Error: Call to undefined method dice\api\controller::call() in /var/www/dev/src/api/controller.php:21
Stack trace:
#0 /var/www/dev/src/http/router.php(15): api\controller::route()
#1 /var/www/dev/html/index.php(7): http\router::map()
#2 {main}
  thrown in /var/www/dev/src/api/controller.php on line 21
[23-Jul-2022 16:01:35 Europe/Berlin] PHP Fatal error:  Uncaught Error: Call to undefined method dice\api\controller::call() in /var/www/dev/src/api/controller.php:21
Stack trace:
#0 /var/www/dev/src/http/router.php(15): api\controller::route()
#1 /var/www/dev/html/index.php(7): http\router::map()
#2 {main}
  thrown in /var/www/dev/src/api/controller.php on line 21
[23-Jul-2022 16:05:04 Europe/Berlin] PHP Fatal error:  Uncaught ArgumentCountError: Too few arguments to function dice\api\controller::roll(), 0 passed in /var/www/dev/src/api/resource/controller.php on line 35 and exactly 1 expected in /var/www/dev/src/dice/api/controller.php:7
Stack trace:
#0 /var/www/dev/src/api/resource/controller.php(35): dice\api\controller::roll()
#1 /var/www/dev/src/api/controller.php(21): api\resource\controller->call()
#2 /var/www/dev/src/http/router.php(15): api\controller::route()
#3 /var/www/dev/html/index.php(7): http\router::map()
#4 {main}
  thrown in /var/www/dev/src/dice/api/controller.php on line 7
[23-Jul-2022 16:07:04 Europe/Berlin] PHP Fatal error:  Uncaught ArgumentCountError: Too few arguments to function dice\api\controller::roll(), 0 passed in /var/www/dev/src/api/resource/controller.php on line 35 and exactly 1 expected in /var/www/dev/src/dice/api/controller.php:7
Stack trace:
#0 /var/www/dev/src/api/resource/controller.php(35): dice\api\controller::roll()
#1 /var/www/dev/src/api/controller.php(21): api\resource\controller->call()
#2 /var/www/dev/src/http/router.php(15): api\controller::route()
#3 /var/www/dev/html/index.php(7): http\router::map()
#4 {main}
  thrown in /var/www/dev/src/dice/api/controller.php on line 7
[23-Jul-2022 16:09:22 Europe/Berlin] PHP Fatal error:  Uncaught Error: Using $this when not in object context in /var/www/dev/src/dice/api/controller.php:8
Stack trace:
#0 /var/www/dev/src/api/resource/controller.php(26): dice\api\controller::roll()
#1 /var/www/dev/src/api/controller.php(21): api\resource\controller->call()
#2 /var/www/dev/src/http/router.php(15): api\controller::route()
#3 /var/www/dev/html/index.php(7): http\router::map()
#4 {main}
  thrown in /var/www/dev/src/dice/api/controller.php on line 8
[23-Jul-2022 16:10:27 Europe/Berlin] PHP Fatal error:  Uncaught Error: Using $this when not in object context in /var/www/dev/src/dice/api/controller.php:8
Stack trace:
#0 /var/www/dev/src/api/resource/controller.php(26): dice\api\controller::roll()
#1 /var/www/dev/src/api/controller.php(21): api\resource\controller->call()
#2 /var/www/dev/src/http/router.php(15): api\controller::route()
#3 /var/www/dev/html/index.php(7): http\router::map()
#4 {main}
  thrown in /var/www/dev/src/dice/api/controller.php on line 8
[23-Jul-2022 16:10:40 Europe/Berlin] PHP Fatal error:  Uncaught Error: Using $this when not in object context in /var/www/dev/src/dice/api/controller.php:8
Stack trace:
#0 /var/www/dev/src/api/resource/controller.php(26): dice\api\controller::roll()
#1 /var/www/dev/src/api/controller.php(21): api\resource\controller->call()
#2 /var/www/dev/src/http/router.php(15): api\controller::route()
#3 /var/www/dev/html/index.php(7): http\router::map()
#4 {main}
  thrown in /var/www/dev/src/dice/api/controller.php on line 8
[23-Jul-2022 16:11:24 Europe/Berlin] PHP Fatal error:  Uncaught Exception: Endpoint not found in /var/www/dev/src/api/router.php:34
Stack trace:
#0 /var/www/dev/src/api/controller.php(13): api\router->map()
#1 /var/www/dev/src/http/router.php(15): api\controller::route()
#2 /var/www/dev/html/index.php(7): http\router::map()
#3 {main}
  thrown in /var/www/dev/src/api/router.php on line 34
[23-Jul-2022 16:12:43 Europe/Berlin] PHP Fatal error:  Uncaught Exception: Endpoint not found in /var/www/dev/src/api/router.php:36
Stack trace:
#0 /var/www/dev/src/api/controller.php(13): api\router->map()
#1 /var/www/dev/src/http/router.php(15): api\controller::route()
#2 /var/www/dev/html/index.php(7): http\router::map()
#3 {main}
  thrown in /var/www/dev/src/api/router.php on line 36
[23-Jul-2022 16:13:27 Europe/Berlin] PHP Fatal error:  Uncaught Error: Call to undefined method api\router::_request() in /var/www/dev/src/api/router.php:32
Stack trace:
#0 /var/www/dev/src/api/controller.php(13): api\router->map()
#1 /var/www/dev/src/http/router.php(15): api\controller::route()
#2 /var/www/dev/html/index.php(7): http\router::map()
#3 {main}
  thrown in /var/www/dev/src/api/router.php on line 32
[23-Jul-2022 16:13:45 Europe/Berlin] PHP Fatal error:  Uncaught Exception: Endpoint not found in /var/www/dev/src/api/router.php:36
Stack trace:
#0 /var/www/dev/src/api/controller.php(13): api\router->map()
#1 /var/www/dev/src/http/router.php(15): api\controller::route()
#2 /var/www/dev/html/index.php(7): http\router::map()
#3 {main}
  thrown in /var/www/dev/src/api/router.php on line 36
[23-Jul-2022 16:14:41 Europe/Berlin] PHP Fatal error:  Uncaught Exception: Endpoint not found in /var/www/dev/src/api/router.php:34
Stack trace:
#0 /var/www/dev/src/api/controller.php(13): api\router->map()
#1 /var/www/dev/src/http/router.php(15): api\controller::route()
#2 /var/www/dev/html/index.php(7): http\router::map()
#3 {main}
  thrown in /var/www/dev/src/api/router.php on line 34
[23-Jul-2022 16:14:53 Europe/Berlin] PHP Notice:  Undefined property: api\router::$_url in /var/www/dev/src/api/router.php on line 32
[23-Jul-2022 16:14:53 Europe/Berlin] PHP Fatal error:  Uncaught Exception: Endpoint not found in /var/www/dev/src/api/router.php:36
Stack trace:
#0 /var/www/dev/src/api/controller.php(13): api\router->map()
#1 /var/www/dev/src/http/router.php(15): api\controller::route()
#2 /var/www/dev/html/index.php(7): http\router::map()
#3 {main}
  thrown in /var/www/dev/src/api/router.php on line 36
[23-Jul-2022 16:15:44 Europe/Berlin] PHP Fatal error:  Uncaught Exception: Endpoint not found in /var/www/dev/src/api/router.php:36
Stack trace:
#0 /var/www/dev/src/api/controller.php(13): api\router->map()
#1 /var/www/dev/src/http/router.php(15): api\controller::route()
#2 /var/www/dev/html/index.php(7): http\router::map()
#3 {main}
  thrown in /var/www/dev/src/api/router.php on line 36
[23-Jul-2022 16:16:36 Europe/Berlin] PHP Fatal error:  Uncaught TypeError: rand() expects parameter 2 to be int, string given in /var/www/dev/src/dice.php:7
Stack trace:
#0 /var/www/dev/src/dice.php(7): rand(1, '12')
#1 /var/www/dev/src/dice/api/controller.php(9): dice::roll('12')
#2 /var/www/dev/src/api/resource/controller.php(26): dice\api\controller->roll()
#3 /var/www/dev/src/api/controller.php(21): api\resource\controller->call()
#4 /var/www/dev/src/http/router.php(15): api\controller::route()
#5 /var/www/dev/html/index.php(7): http\router::map()
#6 {main}
  thrown in /var/www/dev/src/dice.php on line 7
[23-Jul-2022 16:21:09 Europe/Berlin] PHP Fatal error:  Uncaught ArgumentCountError: Too few arguments to function api\router::url_path(), 0 passed in /var/www/dev/src/api/router.php on line 29 and exactly 1 expected in /var/www/dev/src/api/router.php:53
Stack trace:
#0 /var/www/dev/src/api/router.php(29): api\router->url_path()
#1 /var/www/dev/src/api/controller.php(13): api\router->map()
#2 /var/www/dev/src/http/router.php(15): api\controller::route()
#3 /var/www/dev/html/index.php(7): http\router::map()
#4 {main}
  thrown in /var/www/dev/src/api/router.php on line 53
[23-Jul-2022 16:48:35 Europe/Berlin] PHP Fatal error:  Uncaught Error: Class 'api\config' not found in /var/www/dev/src/api/router.php:23
Stack trace:
#0 /var/www/dev/src/api/controller.php(12): api\router->__construct()
#1 /var/www/dev/src/http/router.php(15): api\controller::route()
#2 /var/www/dev/html/index.php(7): http\router::map()
#3 {main}
  thrown in /var/www/dev/src/api/router.php on line 23
[23-Jul-2022 16:59:56 Europe/Berlin] PHP Fatal error:  Uncaught TypeError: Argument 1 passed to api\route\pattern::get_list() must be of the type string, array given, called in /var/www/dev/src/api/router.php on line 62 and defined in /var/www/dev/src/api/route/pattern.php:11
Stack trace:
#0 /var/www/dev/src/api/router.php(62): api\route\pattern::get_list(Array)
#1 /var/www/dev/src/api/router.php(27): api\router->get_routes()
#2 /var/www/dev/src/api/controller.php(13): api\router->map()
#3 /var/www/dev/src/http/router.php(15): api\controller::route()
#4 /var/www/dev/html/index.php(7): http\router::map()
#5 {main}
  thrown in /var/www/dev/src/api/route/pattern.php on line 11
[23-Jul-2022 17:00:08 Europe/Berlin] PHP Fatal error:  Uncaught TypeError: Argument 1 passed to api\route\pattern::get_list() must be of the type string, array given, called in /var/www/dev/src/api/router.php on line 62 and defined in /var/www/dev/src/api/route/pattern.php:11
Stack trace:
#0 /var/www/dev/src/api/router.php(62): api\route\pattern::get_list(Array)
#1 /var/www/dev/src/api/router.php(27): api\router->get_routes()
#2 /var/www/dev/src/api/controller.php(13): api\router->map()
#3 /var/www/dev/src/http/router.php(15): api\controller::route()
#4 /var/www/dev/html/index.php(7): http\router::map()
#5 {main}
  thrown in /var/www/dev/src/api/route/pattern.php on line 11
[01-Aug-2022 14:44:01 Europe/Berlin] PHP Fatal error:  Uncaught Exception: Resource not found in /var/www/dev/src/api/router.php:114
Stack trace:
#0 /var/www/dev/src/api/router.php(46): api\router->validate_route()
#1 /var/www/dev/src/api/controller.php(13): api\router->map()
#2 /var/www/dev/src/http/router.php(15): api\controller::route()
#3 /var/www/dev/html/index.php(7): http\router::map()
#4 {main}
  thrown in /var/www/dev/src/api/router.php on line 114
[01-Aug-2022 14:52:24 Europe/Berlin] PHP Fatal error:  Uncaught Exception: Resource not found in /var/www/dev/src/api/router.php:114
Stack trace:
#0 /var/www/dev/src/api/router.php(46): api\router->validate_route()
#1 /var/www/dev/src/api/controller.php(13): api\router->map()
#2 /var/www/dev/src/http/router.php(15): api\controller::route()
#3 /var/www/dev/html/index.php(7): http\router::map()
#4 {main}
  thrown in /var/www/dev/src/api/router.php on line 114
[01-Aug-2022 15:20:27 Europe/Berlin] PHP Fatal error:  Uncaught Exception: Endpoint not found in /var/www/dev/src/api/router.php:29
Stack trace:
#0 /var/www/dev/src/api/controller.php(13): api\router->map()
#1 /var/www/dev/src/http/router.php(15): api\controller::route()
#2 /var/www/dev/html/index.php(7): http\router::map()
#3 {main}
  thrown in /var/www/dev/src/api/router.php on line 29
